17:14:59,017 DEBUG BaseTest:51 - [ Chrome Browser Launched ]
17:15:00,445 DEBUG BaseTest:76 - [ Navigated to: https://www.ebay.com/]
17:15:03,372 DEBUG CermatiAssigment:20 - [ Clicking on [Shop By Category ]
17:15:06,421 DEBUG CermatiAssigment:23 - [ Clicking on [cell Phones And Accessories ]
17:15:16,647 DEBUG CermatiAssigment:25 - [ Selecting [Phones And Smartphones ]
17:15:16,648 DEBUG CermatiAssigment:27 - [ Clicking Condition filter option ]
17:15:22,881 DEBUG CermatiAssigment:31 - [ Selecting Phone Condition type New ]
17:15:32,275 DEBUG CermatiAssigment:34 - [ Selecting Filter By Price Option ] 
17:15:38,514 DEBUG CermatiAssigment:37 - [ Entering 230 and 500 in price Textbox ]
17:15:41,767 DEBUG CermatiAssigment:40 - [ Selecting filter By Item Location option ]
17:15:49,625 DEBUG CermatiAssigment:43 - [ Selecting US Only Option from List ]
17:15:55,012 DEBUG CermatiAssigment:47 - [ Validating  Applied Condition  Tag ]
17:15:58,166 DEBUG CermatiAssigment:51 - [ Validating  Applied Price Tag 
17:15:58,187 DEBUG CermatiAssigment:55 - [ Validating  Applied Item Location Tag ]
17:15:58,312 DEBUG BaseTest:85 - [ Test Execution Completed ]
17:15:58,314 DEBUG BaseTest:51 - [ Chrome Browser Launched ]
17:15:58,841 DEBUG BaseTest:76 - [ Navigated to: https://www.ebay.com/]
17:16:00,761 DEBUG CermatiAssigment:67 - [ Entering c1700s in Searchbar & Selecting Antiquesfrom DropDown ]
17:16:05,673 DEBUG CermatiAssigment:69 - [ clicking on Search Button ]
17:16:05,673 DEBUG CermatiAssigment:71 - [ Validating First Result Name Match  with Search string.]
17:16:05,810 DEBUG BaseTest:85 - [ Test Execution Completed ]
